<?xml version="1.0" encoding="UTF-8"?>
<!-- Generated by org.testng.reporters.JUnitReportReporter -->
<testsuite hostname="E5TCBOW2M00DTDF" name="com.w2cx.selenium.testCase.testLogin" tests="2" failures="0" timestamp="15 Jun 2018 10:03:10 GMT" time="23.136" errors="0">
  <testcase name="testInformationManage" time="10.552" classname="com.w2cx.selenium.testCase.testLogin"/>
  <testcase name="testLogin" time="12.584" classname="com.w2cx.selenium.testCase.testLogin"/>
</testsuite> <!-- com.w2cx.selenium.testCase.testLogin -->
